<?xml version="1.0" encoding="UTF-8"?>
<!-- Generated by org.testng.reporters.JUnitXMLReporter -->
<testsuite hostname="DESKTOP-0AG0V8V" ignored="4" name="Default test" tests="1" failures="0" timestamp="22 Feb 2020 06:38:38 GMT" time="58.499" errors="0">
  <testcase name="verify_Login_and_logout_functionality_Test" time="11.977" classname="com.TestCases.LoginPageTest"/>
  <testcase name="readData" time="0.0" classname="com.TestCases.LoginPageTest">
    <ignored/>
  </testcase> <!-- readData -->
  <testcase name="verify_Login_and_logout_functionality_Test2" time="0.0" classname="com.TestCases.LoginPageTest">
    <ignored/>
  </testcase> <!-- verify_Login_and_logout_functionality_Test2 -->
  <testcase name="verify_Login_and_logout_functionality_Test3" time="0.0" classname="com.TestCases.LoginPageTest">
    <ignored/>
  </testcase> <!-- verify_Login_and_logout_functionality_Test3 -->
  <testcase name="verify_Login_and_logout_functionality_Test1" time="0.0" classname="com.TestCases.LoginPageTest">
    <ignored/>
  </testcase> <!-- verify_Login_and_logout_functionality_Test1 -->
</testsuite> <!-- Default test -->
