<?xml version="1.0" encoding="UTF-8"?>
<testng-results skipped="0" failed="0" ignored="4" total="5" passed="1">
  <reporter-output>
    <line>
      <![CDATA[Waiting for: signInButton to be displayed for maximum 20 Seconds]]>
    </line>
    <line>
      <![CDATA[Clicking on: signInButton]]>
    </line>
    <line>
      <![CDATA[Trying to find Element: signInButton]]>
    </line>
    <line>
      <![CDATA[Found Element: signInButton]]>
    </line>
    <line>
      <![CDATA[Sending text 'autotesting@mailinator.com' to: emailField]]>
    </line>
    <line>
      <![CDATA[Trying to find Element: emailField]]>
    </line>
    <line>
      <![CDATA[Found Element: emailField]]>
    </line>
    <line>
      <![CDATA[Sending text 'testing' to: passwordField]]>
    </line>
    <line>
      <![CDATA[Trying to find Element: passwordField]]>
    </line>
    <line>
      <![CDATA[Found Element: passwordField]]>
    </line>
    <line>
      <![CDATA[Clicking on: loginBtn]]>
    </line>
    <line>
      <![CDATA[Trying to find Element: loginBtn]]>
    </line>
    <line>
      <![CDATA[Found Element: loginBtn]]>
    </line>
    <line>
      <![CDATA[Waiting for: myAccHeaderText to be displayed for maximum 20 Seconds]]>
    </line>
    <line>
      <![CDATA[Verifying the presence of: myAccHeaderText]]>
    </line>
    <line>
      <![CDATA[Trying to find Element: myAccHeaderText]]>
    </line>
    <line>
      <![CDATA[Found Element: myAccHeaderText]]>
    </line>
    <line>
      <![CDATA[Login successful]]>
    </line>
    <line>
      <![CDATA[Waiting for: logOutBtn to be displayed for maximum 20 Seconds]]>
    </line>
    <line>
      <![CDATA[Clicking on: signOutBtn]]>
    </line>
    <line>
      <![CDATA[Trying to find Element: signOutBtn]]>
    </line>
    <line>
      <![CDATA[Found Element: signOutBtn]]>
    </line>
    <line>
      <![CDATA[Verifying the presence of: emailField]]>
    </line>
    <line>
      <![CDATA[Trying to find Element: emailField]]>
    </line>
    <line>
      <![CDATA[Found Element: emailField]]>
    </line>
    <line>
      <![CDATA[Logout successful]]>
    </line>
  </reporter-output>
  <suite name="Default suite" duration-ms="58499" started-at="2020-02-22T06:37:39Z" finished-at="2020-02-22T06:38:37Z">
    <groups>
    </groups>
    <test name="Default test" duration-ms="58499" started-at="2020-02-22T06:37:39Z" finished-at="2020-02-22T06:38:37Z">
      <class name="com.TestCases.LoginPageTest">
        <test-method status="PASS" signature="beforeSuite()[pri:0, instance:com.TestCases.LoginPageTest@553f17c]" name="beforeSuite" is-config="true" duration-ms="343" started-at="2020-02-22T06:37:38Z" finished-at="2020-02-22T06:37:39Z">
          <reporter-output>
          </reporter-output>
        </test-method> <!-- beforeSuite -->
        <test-method status="PASS" signature="beforeMethod()[pri:0, instance:com.TestCases.LoginPageTest@553f17c]" name="beforeMethod" is-config="true" duration-ms="45560" started-at="2020-02-22T06:37:39Z" finished-at="2020-02-22T06:38:24Z">
          <reporter-output>
          </reporter-output>
        </test-method> <!-- beforeMethod -->
        <test-method status="PASS" signature="verify_Login_and_logout_functionality_Test()[pri:0, instance:com.TestCases.LoginPageTest@553f17c]" name="verify_Login_and_logout_functionality_Test" duration-ms="11977" started-at="2020-02-22T06:38:24Z" finished-at="2020-02-22T06:38:36Z">
          <reporter-output>
            <line>
              <![CDATA[Waiting for: signInButton to be displayed for maximum 20 Seconds]]>
            </line>
            <line>
              <![CDATA[Clicking on: signInButton]]>
            </line>
            <line>
              <![CDATA[Trying to find Element: signInButton]]>
            </line>
            <line>
              <![CDATA[Found Element: signInButton]]>
            </line>
            <line>
              <![CDATA[Sending text 'autotesting@mailinator.com' to: emailField]]>
            </line>
            <line>
              <![CDATA[Trying to find Element: emailField]]>
            </line>
            <line>
              <![CDATA[Found Element: emailField]]>
            </line>
            <line>
              <![CDATA[Sending text 'testing' to: passwordField]]>
            </line>
            <line>
              <![CDATA[Trying to find Element: passwordField]]>
            </line>
            <line>
              <![CDATA[Found Element: passwordField]]>
            </line>
            <line>
              <![CDATA[Clicking on: loginBtn]]>
            </line>
            <line>
              <![CDATA[Trying to find Element: loginBtn]]>
            </line>
            <line>
              <![CDATA[Found Element: loginBtn]]>
            </line>
            <line>
              <![CDATA[Waiting for: myAccHeaderText to be displayed for maximum 20 Seconds]]>
            </line>
            <line>
              <![CDATA[Verifying the presence of: myAccHeaderText]]>
            </line>
            <line>
              <![CDATA[Trying to find Element: myAccHeaderText]]>
            </line>
            <line>
              <![CDATA[Found Element: myAccHeaderText]]>
            </line>
            <line>
              <![CDATA[Login successful]]>
            </line>
            <line>
              <![CDATA[Waiting for: logOutBtn to be displayed for maximum 20 Seconds]]>
            </line>
            <line>
              <![CDATA[Clicking on: signOutBtn]]>
            </line>
            <line>
              <![CDATA[Trying to find Element: signOutBtn]]>
            </line>
            <line>
              <![CDATA[Found Element: signOutBtn]]>
            </line>
            <line>
              <![CDATA[Verifying the presence of: emailField]]>
            </line>
            <line>
              <![CDATA[Trying to find Element: emailField]]>
            </line>
            <line>
              <![CDATA[Found Element: emailField]]>
            </line>
            <line>
              <![CDATA[Logout successful]]>
            </line>
          </reporter-output>
        </test-method> <!-- verify_Login_and_logout_functionality_Test -->
        <test-method status="PASS" signature="afterMethod()[pri:0, instance:com.TestCases.LoginPageTest@553f17c]" name="afterMethod" is-config="true" duration-ms="924" started-at="2020-02-22T06:38:36Z" finished-at="2020-02-22T06:38:37Z">
          <reporter-output>
          </reporter-output>
        </test-method> <!-- afterMethod -->
        <test-method status="PASS" signature="afterSuite()[pri:0, instance:com.TestCases.LoginPageTest@553f17c]" name="afterSuite" is-config="true" duration-ms="0" started-at="2020-02-22T06:38:38Z" finished-at="2020-02-22T06:38:38Z">
          <reporter-output>
          </reporter-output>
        </test-method> <!-- afterSuite -->
      </class> <!-- com.TestCases.LoginPageTest -->
    </test> <!-- Default test -->
  </suite> <!-- Default suite -->
</testng-results>
